[2026-04-10T02:56:20Z] === ENRICH ITERATION 1 START | repo=prettier/prettier sha=5b62d401 ===
[2026-04-10T02:56:20Z] [iter=1] PHASE START: enrich repo=prettier/prettier sha=5b62d401 runlog=/home/runner/work/forx/forx/storage/aggregate/lsp/logs/5b62d401-enrich-iter-001.log output=/home/runner/work/forx/forx/storage/aggregate/lsp/5b62d401414b0e180005604dde7d360b7cee06f4.nq.gz
[2026-04-10T02:57:01Z] [iter=1] Step 1: Loading AST into disk-backed store mem_mb=83 MB
[2026-04-10T02:57:18Z] [iter=1] AST store loaded triples=2264375 load_secs=16 mem_mb=908 MB
[2026-04-10T02:57:18Z] [iter=1] Step 2: Finding LSP targets mem_mb=908 MB
[2026-04-10T02:57:19Z] [iter=1] LSP targets found call_sites=15109 imports=317 extends=202 implements=52 secs=1
[2026-04-10T02:57:19Z] [iter=1] Step 2.7: Building position index (one-shot, shared across resolvers) mem_mb=908 MB
[2026-04-10T02:57:31Z] [iter=1] Position index built positions=162665 nodes_with_types=181674 secs=11 mem_mb=908 MB
[2026-04-10T02:57:31Z] [iter=1] Step 3: Starting LSP resolution mem_mb=908 MB already_completed_types=[] already_completed_files=0
[2026-04-10T02:57:31Z] [iter=1] Resolving target type target_type=call_site count=15109
[2026-04-10T02:57:31Z] [iter=1] HEARTBEAT target_type=call_site elapsed_min=1.2 files_done=0 resolved=0 errors=0 current=tests/flow/dom/URL.js
[2026-04-10T02:58:10Z] [iter=1] HEARTBEAT target_type=call_site elapsed_min=1.8 files_done=2 resolved=0 errors=41 current=tests/flow/fetch/headers.js
[2026-04-10T03:02:21Z] [iter=1] HEARTBEAT target_type=call_site elapsed_min=6.0 files_done=4 resolved=2 errors=314 current=src/doc/doc-printer.js
[2026-04-10T03:03:49Z] [iter=1] HEARTBEAT target_type=call_site elapsed_min=7.5 files_done=5 resolved=4 errors=410 current=tests/flow/declaration_files_incremental_node/test_absolute.js
[2026-04-10T03:04:22Z] [iter=1] HEARTBEAT target_type=call_site elapsed_min=8.0 files_done=7 resolved=4 errors=446 current=src/language-markdown/utils.js
[2026-04-10T03:04:55Z] [iter=1] HEARTBEAT target_type=call_site elapsed_min=8.6 files_done=8 resolved=5 errors=481 current=tests/flow/function/bind.js
[2026-04-10T03:09:57Z] [iter=1] HEARTBEAT target_type=call_site elapsed_min=13.6 files_done=10 resolved=12 errors=810 current=tests/switch/empty_lines.js
[2026-04-10T03:41:15Z] [iter=1] HEARTBEAT target_type=call_site elapsed_min=44.9 files_done=12 resolved=26 errors=2851 current=tests/flow/class_munging/jsfmt.spec.js
[2026-04-10T03:41:56Z] [iter=1] HEARTBEAT target_type=call_site elapsed_min=45.6 files_done=17 resolved=26 errors=2895 current=tests/performance/nested-real.js
[2026-04-10T03:42:38Z] [iter=1] HEARTBEAT target_type=call_site elapsed_min=46.3 files_done=18 resolved=26 errors=2941 current=src/language-markdown/embed.js
[2026-04-10T03:43:19Z] [iter=1] HEARTBEAT target_type=call_site elapsed_min=47.0 files_done=22 resolved=73 errors=2985 current=src/language-js/comments.js
[2026-04-10T03:44:57Z] [iter=1] HEARTBEAT target_type=call_site elapsed_min=48.6 files_done=23 resolved=73 errors=3092 current=tests_integration/__tests__/file-info.js
[2026-04-10T03:45:56Z] [iter=1] HEARTBEAT target_type=call_site elapsed_min=49.6 files_done=24 resolved=73 errors=3155 current=src/language-yaml/utils.js
[2026-04-10T03:47:11Z] [iter=1] HEARTBEAT target_type=call_site elapsed_min=50.8 files_done=25 resolved=76 errors=3236 current=tests/flow/core_tests/regexp.js
[2026-04-10T03:51:52Z] [iter=1] HEARTBEAT target_type=call_site elapsed_min=55.5 files_done=28 resolved=85 errors=3541 current=tests/flow/traces/Traces.js
[2026-04-10T03:55:40Z] [iter=1] HEARTBEAT target_type=call_site elapsed_min=59.3 files_done=30 resolved=90 errors=3789 current=tests/flow/dom/traversal.js
[2026-04-10T03:56:39Z] [iter=1] HEARTBEAT target_type=call_site elapsed_min=60.3 files_done=31 resolved=120 errors=3854 current=tests/strings/template-literals.js
[2026-04-10T03:57:18Z] [iter=1] HEARTBEAT target_type=call_site elapsed_min=61.0 files_done=37 resolved=145 errors=3895 current=tests_integration/__tests__/config-resolution.js
[2026-04-10T03:58:36Z] [iter=1] HEARTBEAT target_type=call_site elapsed_min=62.3 files_done=38 resolved=145 errors=3979 current=tests/flow/new_spread/type_intersection_optional.js
[2026-04-10T04:02:01Z] [iter=1] HEARTBEAT target_type=call_site elapsed_min=65.7 files_done=42 resolved=193 errors=4201 current=src/language-js/index.js
[2026-04-10T04:02:38Z] [iter=1] HEARTBEAT target_type=call_site elapsed_min=66.3 files_done=49 resolved=195 errors=4242 current=src/main/options-normalizer.js
[2026-04-10T04:03:12Z] [iter=1] HEARTBEAT target_type=call_site elapsed_min=66.9 files_done=50 resolved=202 errors=4279 current=tests/multiparser_js_css/styled-components.js
[2026-04-10T04:04:25Z] [iter=1] HEARTBEAT target_type=call_site elapsed_min=68.1 files_done=52 resolved=208 errors=4358 current=tests/flow/node_haste/jsfmt.spec.js
[2026-04-10T04:07:49Z] [iter=1] HEARTBEAT target_type=call_site elapsed_min=71.5 files_done=57 resolved=216 errors=4579 current=tests_integration/__tests__/stdin-filepath.js
[2026-04-10T04:08:29Z] [iter=1] HEARTBEAT target_type=call_site elapsed_min=72.1 files_done=61 resolved=224 errors=4622 current=tests_integration/__tests__/plugin-resolution.js
[2026-04-10T04:10:05Z] [iter=1] HEARTBEAT target_type=call_site elapsed_min=73.7 files_done=63 resolved=229 errors=4725 current=tests/flow/generators/throw.js
[2026-04-10T04:10:37Z] [iter=1] HEARTBEAT target_type=call_site elapsed_min=74.3 files_done=66 resolved=229 errors=4759 current=tests/async/await_parse.js
[2026-04-10T04:12:15Z] [iter=1] HEARTBEAT target_type=call_site elapsed_min=75.9 files_done=71 resolved=233 errors=4863 current=tests/flow/function/function.js
[2026-04-10T04:12:49Z] [iter=1] HEARTBEAT target_type=call_site elapsed_min=76.5 files_done=75 resolved=241 errors=4900 current=tests/graphql_lists/jsfmt.spec.js
[2026-04-10T04:13:34Z] [iter=1] HEARTBEAT target_type=call_site elapsed_min=77.2 files_done=79 resolved=251 errors=4949 current=tests/template/parenthesis.js
[2026-04-10T04:14:53Z] [iter=1] HEARTBEAT target_type=call_site elapsed_min=78.5 files_done=84 resolved=256 errors=5034 current=tests_integration/__tests__/parser-api.js
[2026-04-10T04:15:23Z] [iter=1] HEARTBEAT target_type=call_site elapsed_min=79.1 files_done=92 resolved=262 errors=5067 current=scripts/release/utils.js
[2026-04-10T04:17:56Z] [iter=1] HEARTBEAT target_type=call_site elapsed_min=81.6 files_done=99 resolved=274 errors=5232 current=tests_integration/__tests__/multiple-patterns.js
[2026-04-10T04:18:37Z] [iter=1] HEARTBEAT target_type=call_site elapsed_min=82.3 files_done=101 resolved=287 errors=5276 current=tests/method-chain/comment.js
[2026-04-10T04:19:16Z] [iter=1] HEARTBEAT target_type=call_site elapsed_min=82.9 files_done=109 resolved=346 errors=5319 current=tests_integration/runPrettier.js
[2026-04-10T04:20:07Z] [iter=1] HEARTBEAT target_type=call_site elapsed_min=83.8 files_done=111 resolved=360 errors=5374 current=tests_integration/__tests__/help-options.js
[2026-04-10T04:21:02Z] [iter=1] HEARTBEAT target_type=call_site elapsed_min=84.7 files_done=117 resolved=377 errors=5434 current=tests/flow/function/call.js
[2026-04-10T04:22:53Z] [iter=1] HEARTBEAT target_type=call_site elapsed_min=86.5 files_done=119 resolved=379 errors=5554 current=tests/flow/this_type/test.js
[2026-04-10T04:23:39Z] [iter=1] HEARTBEAT target_type=call_site elapsed_min=87.3 files_done=123 resolved=383 errors=5605 current=tests/flow/flow_ast.template_strings/jsfmt.spec.js
[2026-04-10T04:24:11Z] [iter=1] HEARTBEAT target_type=call_site elapsed_min=87.8 files_done=130 resolved=388 errors=5639 current=website/core/Footer.js
[2026-04-10T04:24:41Z] [iter=1] HEARTBEAT target_type=call_site elapsed_min=88.4 files_done=132 resolved=397 errors=5672 current=tests/markdown_delete/jsfmt.spec.js
[2026-04-10T04:25:20Z] [iter=1] HEARTBEAT target_type=call_site elapsed_min=89.0 files_done=152 resolved=405 errors=5714 current=tests/preserve_line/argument-list.js
[2026-04-10T04:25:53Z] [iter=1] HEARTBEAT target_type=call_site elapsed_min=89.5 files_done=162 resolved=412 errors=5749 current=tests/flow/duplicate_methods/test.js
[2026-04-10T04:26:51Z] [iter=1] HEARTBEAT target_type=call_site elapsed_min=90.5 files_done=171 resolved=425 errors=5812 current=src/language-handlebars/printer-glimmer.js
[2026-04-10T04:28:46Z] [iter=1] HEARTBEAT target_type=call_site elapsed_min=92.4 files_done=172 resolved=428 errors=5937 current=tests/end_of_line/jsfmt.spec.js
[2026-04-10T04:30:34Z] [iter=1] HEARTBEAT target_type=call_site elapsed_min=94.2 files_done=174 resolved=434 errors=6054 current=tests/flow/es6modules/test_imports_are_frozen.js
[2026-04-10T04:31:06Z] [iter=1] HEARTBEAT target_type=call_site elapsed_min=94.8 files_done=179 resolved=435 errors=6089 current=src/config/resolve-config.js
[2026-04-10T04:31:55Z] [iter=1] HEARTBEAT target_type=call_site elapsed_min=95.6 files_done=181 resolved=446 errors=6142 current=tests_integration/__tests__/ignore-vcs-files.js
[2026-04-10T04:32:30Z] [iter=1] HEARTBEAT target_type=call_site elapsed_min=96.2 files_done=189 resolved=458 errors=6180 current=src/language-html/conditional-comment.js
[2026-04-10T04:33:21Z] [iter=1] HEARTBEAT target_type=call_site elapsed_min=97.0 files_done=193 resolved=466 errors=6236 current=tests/arrows/arrow_function_expression.js
[2026-04-10T04:33:56Z] [iter=1] HEARTBEAT target_type=call_site elapsed_min=97.6 files_done=201 resolved=475 errors=6273 current=tests/flow/react/proptype_oneOfType.js
[2026-04-10T04:34:26Z] [iter=1] HEARTBEAT target_type=call_site elapsed_min=98.1 files_done=206 resolved=475 errors=6306 current=tests_integration/__tests__/arg-parsing.js
[2026-04-10T04:34:57Z] [iter=1] HEARTBEAT target_type=call_site elapsed_min=98.6 files_done=212 resolved=475 errors=6340 current=tests/flow/more_react/checkPropTypes.js
[2026-04-10T04:35:39Z] [iter=1] HEARTBEAT target_type=call_site elapsed_min=99.3 files_done=222 resolved=488 errors=6386 current=scripts/test-dist.js
[2026-04-10T04:36:27Z] [iter=1] HEARTBEAT target_type=call_site elapsed_min=100.1 files_done=227 resolved=491 errors=6437 current=tests/flow/multiflow/jsx.js
[2026-04-10T04:37:40Z] [iter=1] HEARTBEAT target_type=call_site elapsed_min=101.3 files_done=234 resolved=500 errors=6517 current=scripts/generate-schema.js
[2026-04-10T04:38:26Z] [iter=1] HEARTBEAT target_type=call_site elapsed_min=102.1 files_done=240 resolved=512 errors=6567 current=tests/flow/predicates-parsing/fail-2.js
[2026-04-10T04:39:06Z] [iter=1] HEARTBEAT target_type=call_site elapsed_min=102.8 files_done=244 resolved=516 errors=6610 current=tests/flow_all/jsfmt.spec.js
[2026-04-10T04:39:44Z] [iter=1] HEARTBEAT target_type=call_site elapsed_min=103.4 files_done=247 resolved=519 errors=6651 current=tests/conditional/comments.js
[2026-04-10T04:40:34Z] [iter=1] HEARTBEAT target_type=call_site elapsed_min=104.2 files_done=252 resolved=527 errors=6706 current=tests/yaml_spec/jsfmt.spec.js
[2026-04-10T04:41:10Z] [iter=1] HEARTBEAT target_type=call_site elapsed_min=104.8 files_done=261 resolved=529 errors=6745 current=tests/jsx-text-wrap/test.js
[2026-04-10T04:41:58Z] [iter=1] HEARTBEAT target_type=call_site elapsed_min=105.6 files_done=270 resolved=529 errors=6797 current=src/common/third-party.js
[2026-04-10T04:42:35Z] [iter=1] HEARTBEAT target_type=call_site elapsed_min=106.2 files_done=281 resolved=539 errors=6837 current=tests/flow/new_react/FeedUFI.react.js
[2026-04-10T04:43:21Z] [iter=1] HEARTBEAT target_type=call_site elapsed_min=107.0 files_done=293 resolved=553 errors=6887 current=tests/flow/try/test.js
[2026-04-10T04:43:51Z] [iter=1] HEARTBEAT target_type=call_site elapsed_min=107.5 files_done=298 resolved=558 errors=6920 current=tests/flow/class_statics/test.js
[2026-04-10T04:44:30Z] [iter=1] HEARTBEAT target_type=call_site elapsed_min=108.2 files_done=304 resolved=562 errors=6962 current=website/playground/EditorState.js
[2026-04-10T04:45:01Z] [iter=1] HEARTBEAT target_type=call_site elapsed_min=108.7 files_done=322 resolved=573 errors=6996 current=tests/flow/poly_class_export/C.js
[2026-04-10T04:45:42Z] [iter=1] HEARTBEAT target_type=call_site elapsed_min=109.4 files_done=334 resolved=580 errors=7039 current=tests/flow/multiflow/spread.js
[2026-04-10T04:46:13Z] [iter=1] HEARTBEAT target_type=call_site elapsed_min=109.9 files_done=340 resolved=588 errors=7073 current=tests/flow/new_spread/type_intersection.js
[2026-04-10T04:46:49Z] [iter=1] HEARTBEAT target_type=call_site elapsed_min=110.5 files_done=355 resolved=592 errors=7112 current=tests/flow/poly/annot.js
[2026-04-10T04:47:26Z] [iter=1] HEARTBEAT target_type=call_site elapsed_min=111.1 files_done=365 resolved=605 errors=7153 current=tests/flow/overload/test2.js
[2026-04-10T04:48:14Z] [iter=1] HEARTBEAT target_type=call_site elapsed_min=111.9 files_done=371 resolved=617 errors=7205 current=tests/test_declarations/angularjs_inject.js
[2026-04-10T04:48:45Z] [iter=1] HEARTBEAT target_type=call_site elapsed_min=112.4 files_done=382 resolved=624 errors=7238 current=tests/arrows/call.js
[2026-04-10T04:49:46Z] [iter=1] HEARTBEAT target_type=call_site elapsed_min=113.4 files_done=394 resolved=642 errors=7304 current=tests/empty_paren_comment/empty_paren_comment.js
[2026-04-10T04:50:51Z] [iter=1] HEARTBEAT target_type=call_site elapsed_min=114.5 files_done=403 resolved=656 errors=7375 current=tests/trailing_comma/jsfmt.spec.js
[2026-04-10T04:51:53Z] [iter=1] HEARTBEAT target_type=call_site elapsed_min=115.5 files_done=410 resolved=656 errors=7443 current=tests/flow/refinements/number.js
[2026-04-10T04:52:27Z] [iter=1] HEARTBEAT target_type=call_site elapsed_min=116.1 files_done=422 resolved=658 errors=7480 current=tests_integration/__tests__/infer-parser.js
[2026-04-10T04:53:02Z] [iter=1] HEARTBEAT target_type=call_site elapsed_min=116.7 files_done=423 resolved=658 errors=7518 current=tests/method-chain/break-multiple.js
[2026-04-10T04:53:33Z] [iter=1] HEARTBEAT target_type=call_site elapsed_min=117.2 files_done=435 resolved=659 errors=7551 current=tests/decorator_comments/jsfmt.spec.js
[2026-04-10T04:54:15Z] [iter=1] HEARTBEAT target_type=call_site elapsed_min=117.9 files_done=442 resolved=664 errors=7597 current=tests/flow/parse/jsfmt.spec.js
[2026-04-10T04:54:55Z] [iter=1] HEARTBEAT target_type=call_site elapsed_min=118.6 files_done=453 resolved=670 errors=7640 current=tests/flow/fixpoint/Fun.js
[2026-04-10T04:55:33Z] [iter=1] HEARTBEAT target_type=call_site elapsed_min=119.2 files_done=464 resolved=679 errors=7681 current=tests/markdown/jsfmt.spec.js
[2026-04-10T04:56:05Z] [iter=1] HEARTBEAT target_type=call_site elapsed_min=119.7 files_done=472 resolved=680 errors=7716 current=tests_integration/cli/config/jest/__best-tests__/file.js
[2026-04-10T04:56:42Z] [iter=1] HEARTBEAT target_type=call_site elapsed_min=120.4 files_done=494 resolved=693 errors=7757 current=tests/typescript_arrow/arrow_regression.js
[2026-04-10T04:56:50Z] [iter=1] CHECKPOINT TRIGGERED elapsed_min=120.5 files_completed=500 new_files_this_iter=500 mem_mb=908 MB
[2026-04-10T04:56:50Z] [iter=1] Writing partial enrichment graph path=/home/runner/work/forx/forx/storage/aggregate/lsp/5b62d401414b0e180005604dde7d360b7cee06f4.nq.gz triples=46255
[2026-04-10T04:56:50Z] [iter=1] Checkpoint written, exiting with code 7
[2026-04-10T04:56:50Z] [iter=1] PHASE END: enrich (checkpointed) elapsed_s=7229 elapsed_min=120.5 files_completed=500
