[2026-04-10T05:20:54Z] === ENRICH ITERATION 3 START | repo=prettier/prettier sha=5b62d401 ===
[2026-04-10T05:20:54Z] [iter=3] PHASE START: enrich repo=prettier/prettier sha=5b62d401 runlog=/home/runner/work/forx/forx/storage/aggregate/lsp/logs/5b62d401-enrich-iter-003.log output=/home/runner/work/forx/forx/storage/aggregate/lsp/5b62d401414b0e180005604dde7d360b7cee06f4.nq.gz
[2026-04-10T05:21:37Z] [iter=3] Step 1: Loading AST into disk-backed store mem_mb=83 MB
[2026-04-10T05:21:54Z] [iter=3] AST store loaded triples=2264375 load_secs=17 mem_mb=908 MB
[2026-04-10T05:21:54Z] [iter=3] Step 2: Finding LSP targets mem_mb=908 MB
[2026-04-10T05:21:56Z] [iter=3] LSP targets found call_sites=15109 imports=317 extends=202 implements=52 secs=1
[2026-04-10T05:21:58Z] [iter=3] Loaded checkpoint partial graph triples=52693
[2026-04-10T05:21:58Z] [iter=3] Step 2.7: Building position index (one-shot, shared across resolvers) mem_mb=908 MB
[2026-04-10T05:22:11Z] [iter=3] Position index built positions=162665 nodes_with_types=181674 secs=13 mem_mb=908 MB
[2026-04-10T05:22:11Z] [iter=3] Step 3: Starting LSP resolution mem_mb=908 MB already_completed_types=[] already_completed_files=1000
[2026-04-10T05:22:11Z] [iter=3] Resolving target type target_type=call_site count=15109
[2026-04-10T05:22:11Z] [iter=3] HEARTBEAT target_type=call_site elapsed_min=1.3 files_done=0 resolved=0 errors=0 current=tests/flow/new_react/props2.js
[2026-04-10T05:22:42Z] [iter=3] HEARTBEAT target_type=call_site elapsed_min=1.8 files_done=54 resolved=9 errors=32 current=tests/jsx_fragment/jsfmt.spec.js
[2026-04-10T05:23:12Z] [iter=3] HEARTBEAT target_type=call_site elapsed_min=2.3 files_done=146 resolved=24 errors=64 current=tests/stylefmt/pseudo-element/jsfmt.spec.js
[2026-04-10T05:23:44Z] [iter=3] HEARTBEAT target_type=call_site elapsed_min=2.8 files_done=192 resolved=30 errors=99 current=tests/flow/misc/D.js
[2026-04-10T05:24:18Z] [iter=3] HEARTBEAT target_type=call_site elapsed_min=3.4 files_done=254 resolved=34 errors=136 current=tests/flow/declaration_files_incremental_haste/ws/test/client.js
[2026-04-10T05:24:50Z] [iter=3] HEARTBEAT target_type=call_site elapsed_min=3.9 files_done=344 resolved=38 errors=171 current=tests/flow/modules/jsfmt.spec.js
[2026-04-10T05:25:20Z] [iter=3] HEARTBEAT target_type=call_site elapsed_min=4.4 files_done=455 resolved=42 errors=204 current=tests/flow/require/jsfmt.spec.js
[2026-04-10T05:25:29Z] [iter=3] CHECKPOINT TRIGGERED elapsed_min=4.6 files_completed=1500 new_files_this_iter=500 mem_mb=908 MB
[2026-04-10T05:25:29Z] [iter=3] Writing partial enrichment graph path=/home/runner/work/forx/forx/storage/aggregate/lsp/5b62d401414b0e180005604dde7d360b7cee06f4.nq.gz triples=55117
[2026-04-10T05:25:30Z] [iter=3] Checkpoint written, exiting with code 7
[2026-04-10T05:25:30Z] [iter=3] PHASE END: enrich (checkpointed) elapsed_s=274 elapsed_min=4.6 files_completed=1500
