[2026-04-10T05:44:10Z] === ENRICH ITERATION 5 START | repo=prettier/prettier sha=5b62d401 ===
[2026-04-10T05:44:10Z] [iter=5] PHASE START: enrich repo=prettier/prettier sha=5b62d401 runlog=/home/runner/work/forx/forx/storage/aggregate/lsp/logs/5b62d401-enrich-iter-005.log output=/home/runner/work/forx/forx/storage/aggregate/lsp/5b62d401414b0e180005604dde7d360b7cee06f4.nq.gz
[2026-04-10T05:44:54Z] [iter=5] Step 1: Loading AST into disk-backed store mem_mb=83 MB
[2026-04-10T05:45:10Z] [iter=5] AST store loaded triples=2264375 load_secs=16 mem_mb=908 MB
[2026-04-10T05:45:10Z] [iter=5] Step 2: Finding LSP targets mem_mb=908 MB
[2026-04-10T05:45:12Z] [iter=5] LSP targets found call_sites=15109 imports=317 extends=202 implements=52 secs=1
[2026-04-10T05:45:14Z] [iter=5] Loaded checkpoint partial graph triples=56387
[2026-04-10T05:45:14Z] [iter=5] Step 2.7: Building position index (one-shot, shared across resolvers) mem_mb=908 MB
[2026-04-10T05:45:28Z] [iter=5] Position index built positions=162665 nodes_with_types=181674 secs=13 mem_mb=908 MB
[2026-04-10T05:45:28Z] [iter=5] Step 3: Starting LSP resolution mem_mb=908 MB already_completed_types=[] already_completed_files=2000
[2026-04-10T05:45:28Z] [iter=5] Resolving target type target_type=call_site count=15109
[2026-04-10T05:45:28Z] [iter=5] HEARTBEAT target_type=call_site elapsed_min=1.3 files_done=0 resolved=0 errors=0 current=tests/html_prettier_ignore/jsfmt.spec.js
[2026-04-10T05:46:00Z] [iter=5] HEARTBEAT target_type=call_site elapsed_min=1.8 files_done=26 resolved=0 errors=28 current=tests/typescript/conformance/classes/classDeclarations/classAbstractKeyword/classAbstractFactoryFunction.ts
[2026-04-10T05:47:08Z] [iter=5] HEARTBEAT target_type=call_site elapsed_min=3.0 files_done=32 resolved=1 errors=103 current=tests/typescript_decorators/interface.ts
[2026-04-10T05:47:43Z] [iter=5] HEARTBEAT target_type=call_site elapsed_min=3.6 files_done=42 resolved=1 errors=142 current=tests/decorators-ts/typeorm.ts
[2026-04-10T05:48:14Z] [iter=5] HEARTBEAT target_type=call_site elapsed_min=4.1 files_done=50 resolved=6 errors=176 current=tests/typescript/conformance/classes/constructorDeclarations/constructorParameters/constructorImplementationWithDefaultValues2.ts
[2026-04-10T05:48:44Z] [iter=5] HEARTBEAT target_type=call_site elapsed_min=4.6 files_done=76 resolved=10 errors=210 current=tests/typescript/conformance/types/tuple/contextualTypeWithTuple.ts
[2026-04-10T05:48:52Z] [iter=5] Target type resolved target_type=call_site resolved=13 errors=218 secs=204 mem_mb=908 MB
[2026-04-10T05:48:52Z] [iter=5] Resolving target type target_type=import_statement count=317
[2026-04-10T05:48:54Z] [iter=5] Target type resolved target_type=import_statement resolved=33 errors=0 secs=2 mem_mb=908 MB
[2026-04-10T05:48:54Z] [iter=5] Resolving target type target_type=extends_clause count=202
[2026-04-10T05:48:58Z] [iter=5] Target type resolved target_type=extends_clause resolved=90 errors=0 secs=4 mem_mb=908 MB
[2026-04-10T05:48:58Z] [iter=5] Resolving target type target_type=implements_clause count=52
[2026-04-10T05:48:59Z] [iter=5] Target type resolved target_type=implements_clause resolved=2 errors=0 secs=2 mem_mb=908 MB
[2026-04-10T05:49:19Z] [iter=5] Step 5: Writing final enrichment file triples=149728
[2026-04-10T05:49:23Z] [iter=5] Enrichment file written path=/home/runner/work/forx/forx/storage/aggregate/lsp/5b62d401414b0e180005604dde7d360b7cee06f4.nq.gz size_kb=3760
[2026-04-10T05:49:23Z] [iter=5] Checkpoint cleared (enrichment complete)
[2026-04-10T05:49:23Z] [iter=5] PHASE END: enrich elapsed_s=313 elapsed_min=5.2 total_triples=149728
